<?xml version="1.0" encoding="UTF-8"?>
<!-- Generated by org.testng.reporters.JUnitReportReporter -->
<testsuite skipped="0" hostname="TCSDEN7JFYKP2" name="org.Testngconcepts.User" tests="3" failures="0" timestamp="04 Jul 2022 17:09:31 GMT" time="0.002" errors="0">
  <testcase name="tc33" time="0.001" classname="org.Testngconcepts.User"/>
  <testcase name="tc11" time="0.001" classname="org.Testngconcepts.User"/>
  <testcase name="tc22" time="0.000" classname="org.Testngconcepts.User"/>
</testsuite> <!-- org.Testngconcepts.User -->
