<?xml version="1.0" encoding="UTF-8"?>
<!-- Generated by org.testng.reporters.JUnitReportReporter -->
<testsuite skipped="0" hostname="TCSDEN7JFYKP2" name="org.Testngconcepts.EmployeGrouping" tests="2" failures="0" timestamp="09 Jul 2022 19:03:01 GMT" time="59.114" errors="0">
  <testcase name="tc2" time="29.919" classname="org.Testngconcepts.EmployeGrouping"/>
  <testcase name="tc1" time="29.195" classname="org.Testngconcepts.EmployeGrouping"/>
</testsuite> <!-- org.Testngconcepts.EmployeGrouping -->
