<?xml version="1.0" encoding="UTF-8"?>
<!-- Generated by org.testng.reporters.JUnitReportReporter -->
<testsuite skipped="0" hostname="TCSDEN7JFYKP2" name="org.Testngconcepts.User4" tests="3" failures="0" timestamp="08 Jul 2022 17:19:58 GMT" time="0.011" errors="0">
  <testcase name="tc22" time="0.001" classname="org.Testngconcepts.User4"/>
  <testcase name="tc11" time="0.009" classname="org.Testngconcepts.User4"/>
  <testcase name="tc33" time="0.001" classname="org.Testngconcepts.User4"/>
</testsuite> <!-- org.Testngconcepts.User4 -->
