<?xml version="1.0" encoding="UTF-8"?>
<!-- Generated by org.testng.reporters.JUnitReportReporter -->
<testsuite skipped="0" hostname="TCSDEN7JFYKP2" name="org.Testngconcepts.User3" tests="1" failures="0" timestamp="08 Jul 2022 05:58:23 GMT" time="0.009" errors="0">
  <testcase name="tc1" time="0.009" classname="org.Testngconcepts.User3"/>
</testsuite> <!-- org.Testngconcepts.User3 -->
