<?xml version="1.0" encoding="UTF-8"?>
<!-- Generated by org.testng.reporters.JUnitReportReporter -->
<testsuite skipped="3" hostname="TCSDEN7JFYKP2" name="org.Testngconcepts.Employee2" tests="7" failures="0" timestamp="06 Jul 2022 13:28:16 GMT" time="12.377" errors="0">
  <testcase name="tc3" time="3.256" classname="org.Testngconcepts.Employee2"/>
  <testcase name="tc3" time="4.532" classname="org.Testngconcepts.Employee2"/>
  <testcase name="tc3" time="2.882" classname="org.Testngconcepts.Employee2"/>
  <testcase name="tc3" time="1.707" classname="org.Testngconcepts.Employee2"/>
  <testcase name="tc4" classname="org.Testngconcepts.Employee2">
    <skipped/>
  </testcase> <!-- tc4 -->
  <testcase name="tc1" classname="org.Testngconcepts.Employee2">
    <skipped/>
  </testcase> <!-- tc1 -->
  <testcase name="tc2" classname="org.Testngconcepts.Employee2">
    <skipped/>
  </testcase> <!-- tc2 -->
</testsuite> <!-- org.Testngconcepts.Employee2 -->
