<?xml version="1.0" encoding="UTF-8"?>
<!-- Generated by org.testng.reporters.JUnitReportReporter -->
<testsuite skipped="0" hostname="TCSDEN7JFYKP2" name="org.Testngconcepts.User1" tests="3" failures="0" timestamp="04 Jul 2022 17:09:31 GMT" time="0.012" errors="0">
  <testcase name="tc1" time="0.010" classname="org.Testngconcepts.User1"/>
  <testcase name="tc2" time="0.001" classname="org.Testngconcepts.User1"/>
  <testcase name="tc3" time="0.001" classname="org.Testngconcepts.User1"/>
</testsuite> <!-- org.Testngconcepts.User1 -->
