<?xml version="1.0" encoding="UTF-8"?>
<!-- Generated by org.testng.reporters.JUnitReportReporter -->
<testsuite skipped="1" hostname="TCSDEN7JFYKP2" name="org.Testngconcepts.Employee" tests="13" failures="0" timestamp="10 Jul 2022 10:23:01 GMT" time="73.386" errors="0">
  <testcase name="tc2" time="7.309" classname="org.Testngconcepts.Employee"/>
  <testcase name="tc2" time="2.012" classname="org.Testngconcepts.Employee"/>
  <testcase name="tc2" time="3.555" classname="org.Testngconcepts.Employee"/>
  <testcase name="tc2" time="3.245" classname="org.Testngconcepts.Employee"/>
  <testcase name="tc2" time="4.039" classname="org.Testngconcepts.Employee"/>
  <testcase name="tc2" time="3.536" classname="org.Testngconcepts.Employee"/>
  <testcase name="tc2" time="3.287" classname="org.Testngconcepts.Employee"/>
  <testcase name="tc2" time="3.594" classname="org.Testngconcepts.Employee"/>
  <testcase name="tc2" time="28.499" classname="org.Testngconcepts.Employee"/>
  <testcase name="tc2" time="3.733" classname="org.Testngconcepts.Employee"/>
  <testcase name="tc1" time="6.554" classname="org.Testngconcepts.Employee"/>
  <testcase name="tc3" time="4.023" classname="org.Testngconcepts.Employee"/>
  <testcase name="tc4" classname="org.Testngconcepts.Employee">
    <skipped/>
  </testcase> <!-- tc4 -->
</testsuite> <!-- org.Testngconcepts.Employee -->
