<?xml version="1.0" encoding="UTF-8"?>
<!-- Generated by org.testng.reporters.JUnitReportReporter -->
<testsuite skipped="3" hostname="TCSDEN7JFYKP2" name="org.Testngconcepts.Employee1" tests="4" failures="0" timestamp="10 Jul 2022 12:16:53 GMT" time="25.894" errors="0">
  <testcase name="tc3" time="25.894" classname="org.Testngconcepts.Employee1"/>
  <testcase name="tc1" classname="org.Testngconcepts.Employee1">
    <skipped/>
  </testcase> <!-- tc1 -->
  <testcase name="tc2" classname="org.Testngconcepts.Employee1">
    <skipped/>
  </testcase> <!-- tc2 -->
  <testcase name="tc4" classname="org.Testngconcepts.Employee1">
    <skipped/>
  </testcase> <!-- tc4 -->
</testsuite> <!-- org.Testngconcepts.Employee1 -->
